<?xml version="1.0" encoding="UTF-8"?>
<testng-results ignored="13" total="19" passed="6" failed="0" skipped="0">
  <reporter-output>
  </reporter-output>
  <suite started-at="2022-01-15T19:08:12 EST" name="Master test suite" finished-at="2022-01-15T19:08:35 EST" duration-ms="23005">
    <groups>
    </groups>
    <test started-at="2022-01-15T19:08:12 EST" name="Selenium tests" finished-at="2022-01-15T19:08:35 EST" duration-ms="23005">
      <class name="pageObjectsTest.PlayListTest">
        <test-method is-config="true" signature="startUp(java.lang.String,java.lang.String,java.lang.String,java.lang.String)[pri:0, instance:pageObjectsTest.PlayListTest@1efe439d]" started-at="2022-01-15T19:08:12 EST" name="startUp" finished-at="2022-01-15T19:08:14 EST" duration-ms="1783" status="PASS">
          <params>
            <param index="0">
              <value>
                <![CDATA[https://bbb.testpro.io]]>
              </value>
            </param>
            <param index="1">
              <value>
                <![CDATA[nargiz.rza@gmail.com]]>
              </value>
            </param>
            <param index="2">
              <value>
                <![CDATA[te$t$tudent]]>
              </value>
            </param>
            <param index="3">
              <value>
                <![CDATA[incorrectPassword]]>
              </value>
            </param>
          </params>
          <reporter-output>
          </reporter-output>
        </test-method> <!-- startUp -->
        <test-method signature="playListTest_createPlayList_playListCreated()[pri:0, instance:pageObjectsTest.PlayListTest@1efe439d]" started-at="2022-01-15T19:08:14 EST" name="playListTest_createPlayList_playListCreated" finished-at="2022-01-15T19:08:20 EST" duration-ms="5744" status="PASS">
          <reporter-output>
          </reporter-output>
        </test-method> <!-- playListTest_createPlayList_playListCreated -->
        <test-method is-config="true" signature="finish(org.testng.ITestResult)[pri:0, instance:pageObjectsTest.PlayListTest@1efe439d]" started-at="2022-01-15T19:08:20 EST" name="finish" finished-at="2022-01-15T19:08:25 EST" duration-ms="5120" status="PASS">
          <params>
            <param index="0">
              <value>
                <![CDATA[[TestResult name=playListTest_createPlayList_playListCreated status=SUCCESS method=PlayListTest.playListTest_createPlayList_playListCreated()[pri:0, instance:pageObjectsTest.PlayListTest@1efe439d] output={null}]]]>
              </value>
            </param>
          </params>
          <reporter-output>
          </reporter-output>
        </test-method> <!-- finish -->
        <test-method is-config="true" signature="startUp(java.lang.String,java.lang.String,java.lang.String,java.lang.String)[pri:0, instance:pageObjectsTest.PlayListTest@1efe439d]" started-at="2022-01-15T19:08:25 EST" name="startUp" finished-at="2022-01-15T19:08:26 EST" duration-ms="780" status="PASS">
          <params>
            <param index="0">
              <value>
                <![CDATA[https://bbb.testpro.io]]>
              </value>
            </param>
            <param index="1">
              <value>
                <![CDATA[nargiz.rza@gmail.com]]>
              </value>
            </param>
            <param index="2">
              <value>
                <![CDATA[te$t$tudent]]>
              </value>
            </param>
            <param index="3">
              <value>
                <![CDATA[incorrectPassword]]>
              </value>
            </param>
          </params>
          <reporter-output>
          </reporter-output>
        </test-method> <!-- startUp -->
        <test-method signature="playListTest_renamePlayList_playlistRenamed()[pri:0, instance:pageObjectsTest.PlayListTest@1efe439d]" started-at="2022-01-15T19:08:26 EST" name="playListTest_renamePlayList_playlistRenamed" finished-at="2022-01-15T19:08:30 EST" duration-ms="4415" status="PASS">
          <reporter-output>
          </reporter-output>
        </test-method> <!-- playListTest_renamePlayList_playlistRenamed -->
        <test-method is-config="true" signature="finish(org.testng.ITestResult)[pri:0, instance:pageObjectsTest.PlayListTest@1efe439d]" started-at="2022-01-15T19:08:30 EST" name="finish" finished-at="2022-01-15T19:08:35 EST" duration-ms="5124" status="PASS">
          <params>
            <param index="0">
              <value>
                <![CDATA[[TestResult name=playListTest_renamePlayList_playlistRenamed status=SUCCESS method=PlayListTest.playListTest_renamePlayList_playlistRenamed()[pri:0, instance:pageObjectsTest.PlayListTest@1efe439d] output={null}]]]>
              </value>
            </param>
          </params>
          <reporter-output>
          </reporter-output>
        </test-method> <!-- finish -->
      </class> <!-- pageObjectsTest.PlayListTest -->
      <class name="pageObjectsTest.LoginTest">
        <test-method is-config="true" signature="startUp(java.lang.String,java.lang.String,java.lang.String,java.lang.String)[pri:0, instance:pageObjectsTest.LoginTest@7d9e8ef7]" started-at="2022-01-15T19:08:12 EST" name="startUp" finished-at="2022-01-15T19:08:14 EST" duration-ms="1783" status="PASS">
          <params>
            <param index="0">
              <value>
                <![CDATA[https://bbb.testpro.io]]>
              </value>
            </param>
            <param index="1">
              <value>
                <![CDATA[nargiz.rza@gmail.com]]>
              </value>
            </param>
            <param index="2">
              <value>
                <![CDATA[te$t$tudent]]>
              </value>
            </param>
            <param index="3">
              <value>
                <![CDATA[incorrectPassword]]>
              </value>
            </param>
          </params>
          <reporter-output>
          </reporter-output>
        </test-method> <!-- startUp -->
        <test-method signature="loginTest_correctCredentials_loggedToApp()[pri:0, instance:pageObjectsTest.LoginTest@7d9e8ef7]" started-at="2022-01-15T19:08:14 EST" name="loginTest_correctCredentials_loggedToApp" finished-at="2022-01-15T19:08:19 EST" duration-ms="4508" status="PASS">
          <reporter-output>
          </reporter-output>
        </test-method> <!-- loginTest_correctCredentials_loggedToApp -->
        <test-method is-config="true" signature="finish(org.testng.ITestResult)[pri:0, instance:pageObjectsTest.LoginTest@7d9e8ef7]" started-at="2022-01-15T19:08:19 EST" name="finish" finished-at="2022-01-15T19:08:24 EST" duration-ms="5141" status="PASS">
          <params>
            <param index="0">
              <value>
                <![CDATA[[TestResult name=loginTest_correctCredentials_loggedToApp status=SUCCESS method=LoginTest.loginTest_correctCredentials_loggedToApp()[pri:0, instance:pageObjectsTest.LoginTest@7d9e8ef7] output={null}]]]>
              </value>
            </param>
          </params>
          <reporter-output>
          </reporter-output>
        </test-method> <!-- finish -->
        <test-method is-config="true" signature="startUp(java.lang.String,java.lang.String,java.lang.String,java.lang.String)[pri:0, instance:pageObjectsTest.LoginTest@7d9e8ef7]" started-at="2022-01-15T19:08:24 EST" name="startUp" finished-at="2022-01-15T19:08:25 EST" duration-ms="958" status="PASS">
          <params>
            <param index="0">
              <value>
                <![CDATA[https://bbb.testpro.io]]>
              </value>
            </param>
            <param index="1">
              <value>
                <![CDATA[nargiz.rza@gmail.com]]>
              </value>
            </param>
            <param index="2">
              <value>
                <![CDATA[te$t$tudent]]>
              </value>
            </param>
            <param index="3">
              <value>
                <![CDATA[incorrectPassword]]>
              </value>
            </param>
          </params>
          <reporter-output>
          </reporter-output>
        </test-method> <!-- startUp -->
        <test-method signature="loginTest_incorrectCredentials_redFrame()[pri:0, instance:pageObjectsTest.LoginTest@7d9e8ef7]" started-at="2022-01-15T19:08:25 EST" name="loginTest_incorrectCredentials_redFrame" finished-at="2022-01-15T19:08:27 EST" duration-ms="2003" status="PASS">
          <reporter-output>
          </reporter-output>
        </test-method> <!-- loginTest_incorrectCredentials_redFrame -->
        <test-method is-config="true" signature="finish(org.testng.ITestResult)[pri:0, instance:pageObjectsTest.LoginTest@7d9e8ef7]" started-at="2022-01-15T19:08:27 EST" name="finish" finished-at="2022-01-15T19:08:32 EST" duration-ms="5117" status="PASS">
          <params>
            <param index="0">
              <value>
                <![CDATA[[TestResult name=loginTest_incorrectCredentials_redFrame status=SUCCESS method=LoginTest.loginTest_incorrectCredentials_redFrame()[pri:0, instance:pageObjectsTest.LoginTest@7d9e8ef7] output={null}]]]>
              </value>
            </param>
          </params>
          <reporter-output>
          </reporter-output>
        </test-method> <!-- finish -->
      </class> <!-- pageObjectsTest.LoginTest -->
      <class name="pageObjectsTest.LoginFactoryTest">
        <test-method is-config="true" signature="startUp(java.lang.String,java.lang.String,java.lang.String,java.lang.String)[pri:0, instance:pageObjectsTest.LoginFactoryTest@2e48362c]" started-at="2022-01-15T19:08:12 EST" name="startUp" finished-at="2022-01-15T19:08:14 EST" duration-ms="1783" status="PASS">
          <params>
            <param index="0">
              <value>
                <![CDATA[https://bbb.testpro.io]]>
              </value>
            </param>
            <param index="1">
              <value>
                <![CDATA[nargiz.rza@gmail.com]]>
              </value>
            </param>
            <param index="2">
              <value>
                <![CDATA[te$t$tudent]]>
              </value>
            </param>
            <param index="3">
              <value>
                <![CDATA[incorrectPassword]]>
              </value>
            </param>
          </params>
          <reporter-output>
          </reporter-output>
        </test-method> <!-- startUp -->
        <test-method signature="loginTestFactory_correctLogin_loggedToApp()[pri:0, instance:pageObjectsTest.LoginFactoryTest@2e48362c]" started-at="2022-01-15T19:08:14 EST" name="loginTestFactory_correctLogin_loggedToApp" finished-at="2022-01-15T19:08:19 EST" duration-ms="4657" status="PASS">
          <reporter-output>
          </reporter-output>
        </test-method> <!-- loginTestFactory_correctLogin_loggedToApp -->
        <test-method is-config="true" signature="finish(org.testng.ITestResult)[pri:0, instance:pageObjectsTest.LoginFactoryTest@2e48362c]" started-at="2022-01-15T19:08:19 EST" name="finish" finished-at="2022-01-15T19:08:24 EST" duration-ms="5160" status="PASS">
          <params>
            <param index="0">
              <value>
                <![CDATA[[TestResult name=loginTestFactory_correctLogin_loggedToApp status=SUCCESS method=LoginFactoryTest.loginTestFactory_correctLogin_loggedToApp()[pri:0, instance:pageObjectsTest.LoginFactoryTest@2e48362c] output={null}]]]>
              </value>
            </param>
          </params>
          <reporter-output>
          </reporter-output>
        </test-method> <!-- finish -->
        <test-method is-config="true" signature="startUp(java.lang.String,java.lang.String,java.lang.String,java.lang.String)[pri:0, instance:pageObjectsTest.LoginFactoryTest@2e48362c]" started-at="2022-01-15T19:08:24 EST" name="startUp" finished-at="2022-01-15T19:08:25 EST" duration-ms="731" status="PASS">
          <params>
            <param index="0">
              <value>
                <![CDATA[https://bbb.testpro.io]]>
              </value>
            </param>
            <param index="1">
              <value>
                <![CDATA[nargiz.rza@gmail.com]]>
              </value>
            </param>
            <param index="2">
              <value>
                <![CDATA[te$t$tudent]]>
              </value>
            </param>
            <param index="3">
              <value>
                <![CDATA[incorrectPassword]]>
              </value>
            </param>
          </params>
          <reporter-output>
          </reporter-output>
        </test-method> <!-- startUp -->
        <test-method signature="loginTest_incorrectCredentials_redFrame()[pri:0, instance:pageObjectsTest.LoginFactoryTest@2e48362c]" started-at="2022-01-15T19:08:25 EST" name="loginTest_incorrectCredentials_redFrame" finished-at="2022-01-15T19:08:27 EST" duration-ms="2064" status="PASS">
          <reporter-output>
          </reporter-output>
        </test-method> <!-- loginTest_incorrectCredentials_redFrame -->
        <test-method is-config="true" signature="finish(org.testng.ITestResult)[pri:0, instance:pageObjectsTest.LoginFactoryTest@2e48362c]" started-at="2022-01-15T19:08:27 EST" name="finish" finished-at="2022-01-15T19:08:32 EST" duration-ms="5132" status="PASS">
          <params>
            <param index="0">
              <value>
                <![CDATA[[TestResult name=loginTest_incorrectCredentials_redFrame status=SUCCESS method=LoginFactoryTest.loginTest_incorrectCredentials_redFrame()[pri:0, instance:pageObjectsTest.LoginFactoryTest@2e48362c] output={null}]]]>
              </value>
            </param>
          </params>
          <reporter-output>
          </reporter-output>
        </test-method> <!-- finish -->
      </class> <!-- pageObjectsTest.LoginFactoryTest -->
    </test> <!-- Selenium tests -->
  </suite> <!-- Master test suite -->
</testng-results>
