<?xml version="1.0" encoding="UTF-8"?>
<!-- Generated by org.testng.reporters.JUnitXMLReporter -->
<testsuite ignored="13" hostname="nargiz" failures="0" tests="6" name="Selenium tests" time="23.005" errors="0" timestamp="2022-01-15T19:08:35 EST">
  <testcase classname="pageObjectsTest.LoginTest" name="loginTest_correctCredentials_loggedToApp" time="4.508"/>
  <testcase classname="pageObjectsTest.LoginFactoryTest" name="loginTestFactory_correctLogin_loggedToApp" time="4.657"/>
  <testcase classname="pageObjectsTest.PlayListTest" name="playListTest_createPlayList_playListCreated" time="5.744"/>
  <testcase classname="pageObjectsTest.LoginTest" name="loginTest_incorrectCredentials_redFrame" time="2.003"/>
  <testcase classname="pageObjectsTest.LoginFactoryTest" name="loginTest_incorrectCredentials_redFrame" time="2.064"/>
  <testcase classname="pageObjectsTest.PlayListTest" name="playListTest_renamePlayList_playlistRenamed" time="4.415"/>
  <testcase classname="pageObjectsTest.LoginFactoryTest" name="loginTest_incorrectCredentials_redFrame03" time="0.0">
    <ignored/>
  </testcase> <!-- loginTest_incorrectCredentials_redFrame03 -->
  <testcase classname="pageObjectsTest.LoginTest" name="loginTest_correctCredentials_loggedToApp01" time="0.0">
    <ignored/>
  </testcase> <!-- loginTest_correctCredentials_loggedToApp01 -->
  <testcase classname="pageObjectsTest.LoginFactoryTest" name="loginTest_incorrectCredentials_redFrame01" time="0.0">
    <ignored/>
  </testcase> <!-- loginTest_incorrectCredentials_redFrame01 -->
  <testcase classname="pageObjectsTest.LoginTest" name="loginTest_correctCredentials_loggedToApp03" time="0.0">
    <ignored/>
  </testcase> <!-- loginTest_correctCredentials_loggedToApp03 -->
  <testcase classname="pageObjectsTest.LoginTest" name="loginTest_correctCredentials_loggedToApp02" time="0.0">
    <ignored/>
  </testcase> <!-- loginTest_correctCredentials_loggedToApp02 -->
  <testcase classname="pageObjectsTest.LoginFactoryTest" name="loginTest_incorrectCredentials_redFrame02" time="0.0">
    <ignored/>
  </testcase> <!-- loginTest_incorrectCredentials_redFrame02 -->
  <testcase classname="pageObjectsTest.LoginTest" name="loginTest_incorrectCredentials_redFrame03" time="0.0">
    <ignored/>
  </testcase> <!-- loginTest_incorrectCredentials_redFrame03 -->
  <testcase classname="pageObjectsTest.LoginTest" name="loginTest_incorrectCredentials_redFrame02" time="0.0">
    <ignored/>
  </testcase> <!-- loginTest_incorrectCredentials_redFrame02 -->
  <testcase classname="pageObjectsTest.LoginTest" name="loginTest_incorrectCredentials_redFrame01" time="0.0">
    <ignored/>
  </testcase> <!-- loginTest_incorrectCredentials_redFrame01 -->
  <testcase classname="pageObjectsTest.LoginFactoryTest" name="loginTestFactory_correctLogin_loggedToApp01" time="0.0">
    <ignored/>
  </testcase> <!-- loginTestFactory_correctLogin_loggedToApp01 -->
  <testcase classname="pageObjectsTest.LoginFactoryTest" name="loginTestFactory_correctLogin_loggedToApp03" time="0.0">
    <ignored/>
  </testcase> <!-- loginTestFactory_correctLogin_loggedToApp03 -->
  <testcase classname="pageObjectsTest.LoginFactoryTest" name="loginTestFactory_correctLogin_loggedToApp02" time="0.0">
    <ignored/>
  </testcase> <!-- loginTestFactory_correctLogin_loggedToApp02 -->
  <testcase classname="pageObjectsTest.PlayListTest" name="flackyTest" time="0.0">
    <ignored/>
  </testcase> <!-- flackyTest -->
</testsuite> <!-- Selenium tests -->
